[INFO] [2021-01-22 21:49:09] [Connected!]
[INFO] [2021-01-22 21:50:58] [Connected!]
[DEBUG] [2021-01-22 21:50:58] [Voting-Channels: [<TextChannel id=801883464542060614 name='best-game' position=14 nsfw=False news=False category_id=801883220245086268>, <TextChannel id=801883717466980402 name='best-design' position=15 nsfw=False news=False category_id=801883220245086268>, <TextChannel id=801887816325398629 name='best-audio' position=16 nsfw=False news=False category_id=801883220245086268>]]
[INFO] [2021-01-22 21:52:56] [Connected!]
[DEBUG] [2021-01-22 21:52:56] [Voting-Channels: [<TextChannel id=801883464542060614 name='best-game' position=14 nsfw=False news=False category_id=801883220245086268>, <TextChannel id=801883717466980402 name='best-design' position=15 nsfw=False news=False category_id=801883220245086268>, <TextChannel id=801887816325398629 name='best-audio' position=16 nsfw=False news=False category_id=801883220245086268>]]
[INFO] [2021-01-22 21:53:25] [Votes saved by "r0w"]
[INFO] [2021-01-22 21:55:50] [Connected!]
[DEBUG] [2021-01-22 21:55:50] [Voting-Channels: [<TextChannel id=801883464542060614 name='best-game' position=14 nsfw=False news=False category_id=801883220245086268>, <TextChannel id=801883717466980402 name='best-design' position=15 nsfw=False news=False category_id=801883220245086268>, <TextChannel id=801887816325398629 name='best-audio' position=16 nsfw=False news=False category_id=801883220245086268>]]
[ERROR] [2021-01-22 21:55:59] [Vote saving attempt by "r0w" failed. [ZeroDivisionError: division by zero]]
Traceback (most recent call last):
  File "D:\Python\DemoDayBot\discord_bot\commands.py", line 61, in save
    1 / 0
ZeroDivisionError: division by zero
[INFO] [2021-01-22 21:59:00] [Connected!]
[DEBUG] [2021-01-22 21:59:00] [Voting-Channels: [<TextChannel id=801883464542060614 name='best-game' position=14 nsfw=False news=False category_id=801883220245086268>, <TextChannel id=801883717466980402 name='best-design' position=15 nsfw=False news=False category_id=801883220245086268>, <TextChannel id=801887816325398629 name='best-audio' position=16 nsfw=False news=False category_id=801883220245086268>]]
[ERROR] [2021-01-22 21:59:06] [Vote saving attempt by "r0w" failed. [ZeroDivisionError: division by zero]]
[INFO] [2021-01-22 22:25:21] [Connected!]
[DEBUG] [2021-01-22 22:25:21] [Voting-Channels: [<TextChannel id=801883464542060614 name='best-game' position=14 nsfw=False news=False category_id=801883220245086268>, <TextChannel id=801883717466980402 name='best-design' position=15 nsfw=False news=False category_id=801883220245086268>, <TextChannel id=801887816325398629 name='best-audio' position=16 nsfw=False news=False category_id=801883220245086268>]]
[INFO] [2021-01-22 23:41:03] [Connected!]
[DEBUG] [2021-01-22 23:41:03] [Voting-Channels: [<TextChannel id=801883464542060614 name='best-game' position=14 nsfw=False news=False category_id=801883220245086268>, <TextChannel id=801883717466980402 name='best-design' position=15 nsfw=False news=False category_id=801883220245086268>, <TextChannel id=801887816325398629 name='best-audio' position=16 nsfw=False news=False category_id=801883220245086268>]]
[INFO] [2021-01-22 23:44:23] [Connected!]
[DEBUG] [2021-01-22 23:44:23] [Voting-Channels: [<TextChannel id=801883464542060614 name='best-game' position=14 nsfw=False news=False category_id=801883220245086268>, <TextChannel id=801883717466980402 name='best-design' position=15 nsfw=False news=False category_id=801883220245086268>, <TextChannel id=801887816325398629 name='best-audio' position=16 nsfw=False news=False category_id=801883220245086268>]]
[INFO] [2021-01-23 00:02:29] [Connected!]
[DEBUG] [2021-01-23 00:02:29] [Voting-Channels: [<TextChannel id=801883464542060614 name='best-game' position=14 nsfw=False news=False category_id=801883220245086268>, <TextChannel id=801883717466980402 name='best-design' position=15 nsfw=False news=False category_id=801883220245086268>, <TextChannel id=801887816325398629 name='best-audio' position=16 nsfw=False news=False category_id=801883220245086268>]]
[INFO] [2021-01-23 00:04:04] [Connected!]
[DEBUG] [2021-01-23 00:04:04] [Voting-Channels: [<TextChannel id=801883464542060614 name='best-game' position=14 nsfw=False news=False category_id=801883220245086268>, <TextChannel id=801883717466980402 name='best-design' position=15 nsfw=False news=False category_id=801883220245086268>, <TextChannel id=801887816325398629 name='best-audio' position=16 nsfw=False news=False category_id=801883220245086268>]]
[INFO] [2021-01-23 21:20:12] [Connected!]
[DEBUG] [2021-01-23 21:20:12] [Voting-Channels: [<TextChannel id=801883464542060614 name='best-game' position=14 nsfw=False news=False category_id=801883220245086268>, <TextChannel id=801883717466980402 name='best-design' position=15 nsfw=False news=False category_id=801883220245086268>, <TextChannel id=801887816325398629 name='best-audio' position=16 nsfw=False news=False category_id=801883220245086268>]]
[INFO] [2021-01-25 21:14:12] [Connected!]
[DEBUG] [2021-01-25 21:14:12] [Voting-Channels: [<TextChannel id=801883464542060614 name='best-game' position=14 nsfw=False news=False category_id=801883220245086268>, <TextChannel id=801883717466980402 name='best-design' position=15 nsfw=False news=False category_id=801883220245086268>, <TextChannel id=801887816325398629 name='best-audio' position=16 nsfw=False news=False category_id=801883220245086268>]]
[INFO] [2021-01-26 11:23:54] [Connected!]
[DEBUG] [2021-01-26 11:23:54] [Voting-Channels: [<TextChannel id=801883464542060614 name='best-game' position=14 nsfw=False news=False category_id=801883220245086268>, <TextChannel id=801883717466980402 name='best-design' position=15 nsfw=False news=False category_id=801883220245086268>, <TextChannel id=801887816325398629 name='best-audio' position=16 nsfw=False news=False category_id=801883220245086268>]]
[INFO] [2021-01-26 14:29:40] [Connected!]
[DEBUG] [2021-01-26 14:29:40] [Voting-Channels: [<TextChannel id=801883464542060614 name='best-game' position=14 nsfw=False news=False category_id=801883220245086268>, <TextChannel id=801883717466980402 name='best-design' position=15 nsfw=False news=False category_id=801883220245086268>, <TextChannel id=801887816325398629 name='best-audio' position=16 nsfw=False news=False category_id=801883220245086268>]]
[INFO] [2021-01-26 17:41:23] [Connected!]
[DEBUG] [2021-01-26 17:41:23] [Voting-Channels: [<TextChannel id=801883464542060614 name='best-game' position=14 nsfw=False news=False category_id=801883220245086268>, <TextChannel id=801883717466980402 name='best-design' position=15 nsfw=False news=False category_id=801883220245086268>, <TextChannel id=801887816325398629 name='best-audio' position=16 nsfw=False news=False category_id=801883220245086268>]]
