[r0w | 325354358734848020] test
[r0w | 325354358734848020] okay test
[2021-01-23 00:02:42] [[r0w|325354358734848020][best-game][test wrong message welp]]
[2021-01-23 00:04:10] [[r0w|325354358734848020][best-game][1]]
[2021-01-26 20:34:05] [[r0w|325354358734848020][best-design][1]]
[2021-01-26 23:53:51] [[r0w|325354358734848020][best-game][1]]
[2021-01-26 23:56:08] [[r0w|325354358734848020][best-game][2]]
[2021-01-28 16:12:15] [[zughiko|413650836737097728][best-art][3]]
[2021-01-28 16:12:25] [[Nathalie|476484387324690450][best-art][-1]]
[2021-01-28 16:17:27] [[Nathalie|476484387324690450][best-art][-1]]
[2021-01-28 16:17:42] [[zughiko|413650836737097728][best-art][17]]
[2021-01-28 16:17:47] [[marina1745|317234575568928768][best-poster][16]]
[2021-01-28 16:18:02] [[marina1745|317234575568928768][best-poster][26]]
[2021-01-28 16:18:12] [[Nathalie|476484387324690450][best-art][-2]]
[2021-01-28 16:19:15] [[Nathalie|476484387324690450][best-art][-2]]
[2021-01-28 16:21:23] [[marina1745|317234575568928768][best-art][15]]
[2021-01-28 16:21:27] [[marina1745|317234575568928768][best-art][26]]
[2021-01-28 16:22:28] [[Nathalie|476484387324690450][best-art][000000000000000000000000000000000000000000000000000000000000000000000000000000000000000000000000000000]]
[2021-01-28 16:23:21] [[marina1745|317234575568928768][best-art][12]]
[2021-01-28 16:23:32] [[marina1745|317234575568928768][best-art][0]]
