[2021-01-23 00:04:37] [[r0w|325354358734848020][best-game][test 42]]
[2021-01-23 23:27:31] [[r0w|325354358734848020][best-game][test]]
[2021-01-27 13:03:09] [[r0w|325354358734848020][best-audio][test]]
[2021-01-28 16:12:21] [[Nathalie|476484387324690450][best-art][-]]
[2021-01-28 16:17:56] [[BisschenHeller|285848592802119681][best-design][\n]]
[2021-01-28 16:18:01] [[zughiko|413650836737097728][best-art][jhs98f7u890s]]
[2021-01-28 16:18:06] [[BisschenHeller|285848592802119681][best-design][\"]]
[2021-01-28 16:18:15] [[BisschenHeller|285848592802119681][best-design][23.5]]
[2021-01-28 16:19:15] [[Nathalie|476484387324690450][best-art][-2]]
[2021-01-28 16:19:23] [[marina1745|317234575568928768][best-meme][26]]
[2021-01-28 16:19:27] [[marina1745|317234575568928768][best-meme][27]]
[2021-01-28 16:20:47] [[zughiko|413650836737097728][best-art][-66]]
[2021-01-28 16:20:49] [[Nathalie|476484387324690450][best-art][-800]]
[2021-01-28 16:20:58] [[marina1745|317234575568928768][best-meme][-66]]
[2021-01-28 16:21:06] [[marina1745|317234575568928768][best-meme][50000000]]
[2021-01-28 16:21:11] [[marina1745|317234575568928768][best-meme][26]]
[2021-01-28 16:21:31] [[marina1745|317234575568928768][best-art][28]]
[2021-01-28 16:22:22] [[zughiko|413650836737097728][best-art][Euch]]
[2021-01-28 16:22:59] [[Nathalie|476484387324690450][best-art][1,7]]
[2021-01-28 16:23:06] [[marina1745|317234575568928768][best-art][b5]]
[2021-01-28 16:23:16] [[marina1745|317234575568928768][best-art][56739479303]]
[2021-01-28 16:23:17] [[Nathalie|476484387324690450][best-art][9,8765]]
[2021-01-28 16:23:26] [[marina1745|317234575568928768][best-art][27]]
[2021-01-28 16:23:33] [[Nathalie|476484387324690450][best-art][9,768]]
[2021-01-28 16:23:38] [[marina1745|317234575568928768][best-art][m]]
[2021-01-28 16:23:51] [[zughiko|413650836737097728][best-art][8908]]
[2021-01-28 16:24:11] [[Nathalie|476484387324690450][best-art][https://tenor.com/view/patr%c3%adcia-adriana-birolli-fina-estampa-gif-16759701]]
[2021-01-28 16:24:12] [[zughiko|413650836737097728][best-art][]]
[2021-01-28 16:24:58] [[zughiko|413650836737097728][best-art][jo]]
[2021-01-31 21:49:48] [[r0w|325354358734848020][best-art][+poll-activate]]
[2021-01-31 21:50:49] [[r0w|325354358734848020][best-art][999999999999999999999999999999999999999999999999999999]]
[2021-01-31 21:51:11] [[r0w|325354358734848020][best-art][38274987632549873857437598376496347567243073248327487327403274027047230740832740982730847087432748732498732492734987324987237473249872349872397247207423740873243240732]]
[2021-01-31 21:51:59] [[r0w|325354358734848020][best-art][27]]
[2021-01-31 21:52:08] [[r0w|325354358734848020][best-art][-232]]
